[debug] [2020-12-29T06:26:06.094Z] ----------------------------------------------------------------------
[debug] [2020-12-29T06:26:06.098Z] Command:       C:\Program Files\nodejs\node.exe C:\Users\Adam Iqshan\AppData\Roaming\npm\node_modules\firebase-tools\lib\bin\firebase.js init
[debug] [2020-12-29T06:26:06.099Z] CLI Version:   9.1.0
[debug] [2020-12-29T06:26:06.099Z] Platform:      win32
[debug] [2020-12-29T06:26:06.099Z] Node Version:  v12.16.3
[debug] [2020-12-29T06:26:06.101Z] Time:          Tue Dec 29 2020 11:56:06 GMT+0530 (India Standard Time)
[debug] [2020-12-29T06:26:06.102Z] ----------------------------------------------------------------------
[debug] [2020-12-29T06:26:06.102Z] 
[debug] [2020-12-29T06:26:06.107Z] >>> [apiv2][query] GET https://firebase-public.firebaseio.com/cli.json [none]
[debug] [2020-12-29T06:26:06.164Z] > command requires scopes: ["email","openid","https://www.googleapis.com/auth/cloudplatformprojects.readonly","https://www.googleapis.com/auth/firebase","https://www.googleapis.com/auth/cloud-platform"]
[debug] [2020-12-29T06:26:06.165Z] > authorizing via signed-in user
[info] 
     ######## #### ########  ######## ########     ###     ######  ########
     ##        ##  ##     ## ##       ##     ##  ##   ##  ##       ##
     ######    ##  ########  ######   ########  #########  ######  ######
     ##        ##  ##    ##  ##       ##     ## ##     ##       ## ##
     ##       #### ##     ## ######## ########  ##     ##  ######  ########

You're about to initialize a Firebase project in this directory:

  H:\Full Stack\fb-clone

Before we get started, keep in mind:

  * You are initializing in an existing Firebase project directory

[debug] [2020-12-29T06:26:08.066Z] <<< [apiv2][status] GET https://firebase-public.firebaseio.com/cli.json 200
[debug] [2020-12-29T06:26:08.066Z] <<< [apiv2][body] GET https://firebase-public.firebaseio.com/cli.json {"cloudBuildErrorAfter":1594252800000,"cloudBuildWarnAfter":1590019200000,"defaultNode10After":1594252800000,"minVersion":"3.0.5","node8DeploysDisabledAfter":1613390400000,"node8RuntimeDisabledAfter":1615809600000,"node8WarnAfter":1600128000000}
